<?xml version="1.0" encoding="UTF-8"?>
<!-- Generated by org.testng.reporters.JUnitXMLReporter -->
<testsuite ignored="0" hostname="Norgics-MacBook-Pro.local" failures="0" tests="12" name="Surefire test" time="195.412" errors="0" timestamp="2023-01-17T16:58:50 PKT">
  <testcase classname="page.testcases.TestSignInSection" name="test_vdotok_logo" time="13.722"/>
  <testcase classname="page.testcases.TestSignInSection" name="test_signIn_txt" time="9.064"/>
  <testcase classname="page.testcases.TestSignInSection" name="test_descriptive_txt" time="8.828"/>
  <testcase classname="page.testcases.TestSignInSection" name="test_email_field" time="9.446"/>
  <testcase classname="page.testcases.TestSignInSection" name="test_password_field" time="9.36"/>
  <testcase classname="page.testcases.TestSignInSection" name="test_password_type" time="10.048"/>
  <testcase classname="page.testcases.TestSignInSection" name="test_forgotPassword_option" time="11.466"/>
  <testcase classname="page.testcases.TestSignInSection" name="test_PasswordVisibility_icon" time="13.939"/>
  <testcase classname="page.testcases.TestSignInSection" name="verify_login_button" time="25.701"/>
  <testcase classname="page.testcases.TestSignInSection" name="test_bottom_txt" time="16.75"/>
  <testcase classname="page.testcases.TestSignInSection" name="test_cross_icon" time="23.451"/>
  <testcase classname="page.testcases.TestSignInSection" name="test_signIn_option" time="21.027"/>
</testsuite> <!-- Surefire test -->
