<?xml version="1.0" encoding="UTF-8"?>
<!-- Generated by org.testng.reporters.JUnitXMLReporter -->
<testsuite ignored="0" hostname="Norgics-MacBook-Pro.local" failures="0" tests="15" name="Default test" time="195.383" errors="0" timestamp="2023-01-06T01:41:41 PKT">
  <testcase classname="page.testcases.VdotokHomePageTest" name="test_docs" time="16.639"/>
  <testcase classname="page.testcases.VdotokHomePageTest" name="test_usecase" time="17.304"/>
  <testcase classname="page.testcases.VdotokHomePageTest" name="test_logo" time="8.314"/>
  <testcase classname="page.testcases.VdotokHomePageTest" name="test_pricing" time="7.789"/>
  <testcase classname="page.testcases.VdotokHomePageTest" name="test_blogs" time="13.74"/>
  <testcase classname="page.testcases.VdotokHomePageTest" name="test_loginbtn" time="9.83"/>
  <testcase classname="page.testcases.VdotokHomePageTest" name="test_try_hdr_btn" time="11.007"/>
  <testcase classname="page.testcases.VdotokHomePageTest" name="test_image_section_txt" time="9.716"/>
  <testcase classname="page.testcases.VdotokHomePageTest" name="test_right_image" time="10.862"/>
  <testcase classname="page.testcases.VdotokHomePageTest" name="test_smooth_toggle" time="10.236"/>
  <testcase classname="page.testcases.VdotokHomePageTest" name="test_smooth_txt" time="9.039"/>
  <testcase classname="page.testcases.VdotokHomePageTest" name="test_scalable_toggle" time="9.236"/>
  <testcase classname="page.testcases.VdotokHomePageTest" name="test_scalable_txt" time="12.125"/>
  <testcase classname="page.testcases.VdotokHomePageTest" name="test_secure_toggle" time="11.169"/>
  <testcase classname="page.testcases.VdotokHomePageTest" name="test_secure_txt" time="10.838"/>
</testsuite> <!-- Default test -->
