<?xml version="1.0" encoding="UTF-8"?>
<testsuite xmlns:xsi="http://www.w3.org/2001/XMLSchema-instance" xsi:noNamespaceSchemaLocation="https://maven.apache.org/surefire/maven-surefire-plugin/xsd/surefire-test-report.xsd" name="page.testcases.TestSignInSection" time="195.834" tests="12" errors="0" skipped="0" failures="0">
  <properties>
[...]
</properties>
  <testcase name="test_vdotok_logo" classname="page.testcases.TestSignInSection" time="13.723"/>
  <testcase name="test_signIn_txt" classname="page.testcases.TestSignInSection" time="9.064"/>
  <testcase name="test_descriptive_txt" classname="page.testcases.TestSignInSection" time="8.828"/>
  <testcase name="test_email_field" classname="page.testcases.TestSignInSection" time="9.446"/>
  <testcase name="test_password_field" classname="page.testcases.TestSignInSection" time="9.36"/>
  <testcase name="test_password_type" classname="page.testcases.TestSignInSection" time="10.048"/>
  <testcase name="test_forgotPassword_option" classname="page.testcases.TestSignInSection" time="11.466"/>
  <testcase name="test_PasswordVisibility_icon" classname="page.testcases.TestSignInSection" time="13.939"/>
  <testcase name="verify_login_button" classname="page.testcases.TestSignInSection" time="25.701"/>
  <testcase name="test_bottom_txt" classname="page.testcases.TestSignInSection" time="16.75"/>
  <testcase name="test_cross_icon" classname="page.testcases.TestSignInSection" time="23.452"/>
  <testcase name="test_signIn_option" classname="page.testcases.TestSignInSection" time="21.027"/>
</testsuite>