<?xml version="1.0" encoding="UTF-8"?>
<testng-results ignored="0" total="1" passed="1" failed="0" skipped="0">
  <reporter-output>
  </reporter-output>
  <suite started-at="2023-01-11T17:52:46 PKT" name="Default suite" finished-at="2023-01-11T17:53:11 PKT" duration-ms="25495">
    <groups>
    </groups>
    <test started-at="2023-01-11T17:52:46 PKT" name="Default test" finished-at="2023-01-11T17:53:11 PKT" duration-ms="25495">
      <class name="page.testcases.VdotokHomePageTest">
        <test-method is-config="true" signature="setup()[pri:0, instance:page.testcases.VdotokHomePageTest@4efac082]" started-at="2023-01-11T17:52:46 PKT" name="setup" finished-at="2023-01-11T17:52:48 PKT" duration-ms="2418" status="PASS">
          <reporter-output>
          </reporter-output>
        </test-method> <!-- setup -->
        <test-method signature="test_blog7_btn()[pri:89, instance:page.testcases.VdotokHomePageTest@4efac082]" started-at="2023-01-11T17:52:48 PKT" name="test_blog7_btn" finished-at="2023-01-11T17:53:11 PKT" duration-ms="23048" status="PASS">
          <reporter-output>
          </reporter-output>
        </test-method> <!-- test_blog7_btn -->
      </class> <!-- page.testcases.VdotokHomePageTest -->
    </test> <!-- Default test -->
  </suite> <!-- Default suite -->
</testng-results>
